<?xml version="1.0" encoding="UTF-8"?>
<!-- Generated by org.testng.reporters.JUnitReportReporter -->
<testsuite hostname="NSL-MPARTIDAs-MacBook-Pro.local" failures="0" tests="1" name="ChallengeWizeline.tests.LoginPageTests" time="4.481" errors="0" timestamp="2020-11-16T20:50:56 CST" skipped="0">
  <testcase classname="ChallengeWizeline.tests.LoginPageTests" name="validLoginTest" time="4.481"/>
  <system-out/>
</testsuite> <!-- ChallengeWizeline.tests.LoginPageTests -->
